<?xml version="1.0" encoding="UTF-8" ?>
<testsuite tests="9" failures="2" name="TestRunner" time="0.048" errors="0" skipped="2">
  <properties>
[...]
</properties>
  <testcase classname="Scenario: Search Gumtree for &quot;Sennheiser Headphones&quot; in &quot;Electronics &amp; Computers&quot; category and access search results" name="Given user visits gumtree homepage" time="0.006"/>
  <testcase classname="Scenario: Search Gumtree for &quot;Sennheiser Headphones&quot; in &quot;Electronics &amp; Computers&quot; category and access search results" name="When searches for &quot;Sennheiser Headphones&quot; in category &quot;Electronics &amp; Computer&quot;" time="0"/>
  <testcase classname="Scenario: Search Gumtree for &quot;Sennheiser Headphones&quot; in &quot;Electronics &amp; Computers&quot; category and access search results" name="And region is &quot;Sydney Region, NSW&quot; within 20km" time="0"/>
  <testcase classname="Scenario: Search Gumtree for &quot;Sennheiser Headphones&quot; in &quot;Electronics &amp; Computers&quot; category and access search results" name="Then clicks on submit button" time="0"/>
  <testcase classname="Scenario: Search Gumtree for &quot;Sennheiser Headphones&quot; in &quot;Electronics &amp; Computers&quot; category and access search results" name="When selects a random result from search results" time="0"/>
  <testcase classname="Scenario: Search Gumtree for &quot;Sennheiser Headphones&quot; in &quot;Electronics &amp; Computers&quot; category and access search results" name="Then verify ad details page opens" time="0.006">
    <failure type="java.lang.AssertionError">java.lang.AssertionError
	at org.junit.Assert.fail(Assert.java:87)
	at org.junit.Assert.assertTrue(Assert.java:42)
	at org.junit.Assert.assertTrue(Assert.java:53)
	at step_defs.UiStepDefinitions.verify_ad_details_page_opens(UiStepDefinitions.java:65)
	at ✽.Then verify ad details page opens(gumtree-search-results.feature:10)
</failure>
    <system-out>Ad details page title is: sennheiser headphones in Sydney Region, NSW | Electronics &amp; Computer | Gumtree Australia Free Local Classifieds
</system-out>
  </testcase>
  <testcase classname="Scenario: Search Gumtree for &quot;Sennheiser Headphones&quot; in &quot;Electronics &amp; Computers&quot; category and access search results" name="Scenario: Search Gumtree for &quot;Sennheiser Headphones&quot; in &quot;Electronics &amp; Computers&quot; category and access search results" time="0.006">
    <failure type="java.lang.AssertionError">java.lang.AssertionError
	at org.junit.Assert.fail(Assert.java:87)
	at org.junit.Assert.assertTrue(Assert.java:42)
	at org.junit.Assert.assertTrue(Assert.java:53)
	at step_defs.UiStepDefinitions.verify_ad_details_page_opens(UiStepDefinitions.java:65)
	at ✽.Then verify ad details page opens(gumtree-search-results.feature:10)
</failure>
  </testcase>
  <testcase classname="Scenario: Search Gumtree for &quot;Sennheiser Headphones&quot; in &quot;Electronics &amp; Computers&quot; category and access search results" name="And verify numeric ad id is displayed" time="0.015">
    <skipped/>
  </testcase>
  <testcase classname="Scenario: Search Gumtree for &quot;Sennheiser Headphones&quot; in &quot;Electronics &amp; Computers&quot; category and access search results" name="And verify similar ad is displayed in the page" time="0.015">
    <skipped/>
  </testcase>
</testsuite>